<?xml version="1.0" encoding="UTF-8"?>
<testsuite xmlns:xsi="http://www.w3.org/2001/XMLSchema-instance" xsi:noNamespaceSchemaLocation="https://maven.apache.org/surefire/maven-surefire-plugin/xsd/surefire-test-report-3.0.xsd" version="3.0" name="dk.sdu.mmmi.cbse.ApplicationITest" time="1.25" tests="1" errors="1" skipped="0" failures="0">
  <properties>
[...]
</properties>
  <testcase name="testtt" classname="dk.sdu.mmmi.cbse.ApplicationITest" time="1.219">
    <error type="java.lang.ClassNotFoundException"><![CDATA[java.lang.ClassNotFoundException: dk.sdu.mmmi.cbse.common.services.IEntityProcessingService not found by PAXEXAM-PROBE-b9150ba5-2d8b-4908-b96c-06908c39c62d [14]
	at dk.sdu.mmmi.cbse.ApplicationITest.testtt(ApplicationITest.java:49)
]]></error>
    <system-out><![CDATA[TestProbeBuilder gets called
TestProbeBuilder gets called
[org.ops4j.pax.swissbox.extender.BundleWatcher] : Creating bundle watcher with scanner [org.ops4j.pax.swissbox.extender.BundleManifestScanner@ecee357]...
[org.ops4j.pax.swissbox.extender.BundleWatcher] : Scanning bundle [org.apache.felix.framework]
[org.ops4j.pax.swissbox.extender.BundleWatcher] : Scanning bundle [org.ops4j.pax.exam]
[org.ops4j.pax.swissbox.extender.BundleWatcher] : Scanning bundle [org.ops4j.pax.exam.inject]
[org.ops4j.pax.swissbox.extender.BundleWatcher] : Scanning bundle [org.ops4j.pax.exam.extender.service]
org.ops4j.pax.logging.pax-logging-api[org.ops4j.pax.logging.internal.Activator] : Enabling SLF4J API support.
org.ops4j.pax.logging.pax-logging-api[org.ops4j.pax.logging.internal.Activator] : Enabling Jakarta Commons Logging API support.
org.ops4j.pax.logging.pax-logging-api[org.ops4j.pax.logging.internal.Activator] : Enabling Log4J API support.
org.ops4j.pax.logging.pax-logging-api[org.ops4j.pax.logging.internal.Activator] : Enabling Avalon Logger API support.
org.ops4j.pax.logging.pax-logging-api[org.ops4j.pax.logging.internal.Activator] : Enabling JULI Logger API support.
org.ops4j.pax.logging.pax-logging-api[org.ops4j.pax.logging.internal.Activator] : Enabling Log4J v2 API support. Ignored FQCN: org.apache.logging.log4j.spi.AbstractLogger
org.ops4j.pax.logging.pax-logging-api[org.ops4j.pax.swissbox.extender.BundleWatcher] : Scanning bundle [org.ops4j.pax.logging.pax-logging-api]
org.ops4j.pax.logging.pax-logging-api[org.ops4j.pax.swissbox.extender.BundleWatcher] : Scanning bundle [org.ops4j.base]
org.ops4j.pax.logging.pax-logging-api[org.ops4j.pax.swissbox.extender.BundleWatcher] : Scanning bundle [org.ops4j.pax.swissbox.core]
org.ops4j.pax.logging.pax-logging-api[org.ops4j.pax.swissbox.extender.BundleWatcher] : Scanning bundle [org.ops4j.pax.swissbox.extender]
org.ops4j.pax.logging.pax-logging-api[org.ops4j.pax.swissbox.extender.BundleWatcher] : Scanning bundle [org.ops4j.pax.swissbox.framework]
org.ops4j.pax.logging.pax-logging-api[org.ops4j.pax.swissbox.extender.BundleWatcher] : Scanning bundle [org.ops4j.pax.swissbox.lifecycle]
org.ops4j.pax.logging.pax-logging-api[org.ops4j.pax.swissbox.extender.BundleWatcher] : Scanning bundle [org.ops4j.pax.swissbox.tracker]
org.ops4j.pax.logging.pax-logging-api[org.ops4j.pax.swissbox.extender.BundleWatcher] : Scanning bundle [org.apache.geronimo.specs.geronimo-atinject_1.0_spec]
ERROR: Bundle dk.sdu.mmmi.build.OSGiLibGDX [12] Error starting mvn:dk.sdu.mmmi.build/OSGiLibGDX/1.0-SNAPSHOT (org.osgi.framework.BundleException: Unable to resolve dk.sdu.mmmi.build.OSGiLibGDX [12](R 12.0): missing requirement [dk.sdu.mmmi.build.OSGiLibGDX [12](R 12.0)] osgi.wiring.package; (osgi.wiring.package=sun.misc) Unresolved requirements: [[dk.sdu.mmmi.build.OSGiLibGDX [12](R 12.0)] osgi.wiring.package; (osgi.wiring.package=sun.misc)])
ERROR: Bundle OSGiCommon [13] Error starting mvn:dk.sdu.mmmi.build/OSGiCommon/1.0-SNAPSHOT (org.osgi.framework.BundleException: Unable to resolve OSGiCommon [13](R 13.0): missing requirement [OSGiCommon [13](R 13.0)] osgi.wiring.package; (&(osgi.wiring.package=com.badlogic.gdx.graphics.g2d)(version>=1.0.0)(!(version>=2.0.0))) [caused by: Unable to resolve dk.sdu.mmmi.build.OSGiLibGDX [12](R 12.0): missing requirement [dk.sdu.mmmi.build.OSGiLibGDX [12](R 12.0)] osgi.wiring.package; (osgi.wiring.package=sun.misc)] Unresolved requirements: [[OSGiCommon [13](R 13.0)] osgi.wiring.package; (&(osgi.wiring.package=com.badlogic.gdx.graphics.g2d)(version>=1.0.0)(!(version>=2.0.0)))])
org.ops4j.pax.logging.pax-logging-api[org.ops4j.pax.swissbox.extender.BundleWatcher] : Scanning bundle [PAXEXAM-PROBE-b9150ba5-2d8b-4908-b96c-06908c39c62d]
org.ops4j.pax.logging.pax-logging-api[org.ops4j.pax.swissbox.extender.BundleWatcher] : Found resources [ManifestEntry{ key=PaxExam-Executable, value=PaxExam-d2e56162-475c-4439-b7d7-6b9f2acac4e0, }, ManifestEntry{ key=PaxExam-d2e56162-475c-4439-b7d7-6b9f2acac4e0, value=dk.sdu.mmmi.cbse.ApplicationITest;testtt }]
org.ops4j.pax.exam.extender.service[org.ops4j.pax.exam.raw.extender.intern.Parser] : Use timeout value: 10000
org.ops4j.pax.exam.extender.service[org.ops4j.pax.exam.raw.extender.intern.Parser] : Test PaxExam-Executable to be in PaxExam-d2e56162-475c-4439-b7d7-6b9f2acac4e0,
org.ops4j.pax.exam.extender.service[org.ops4j.pax.exam.raw.extender.intern.Parser] : Test PaxExam-d2e56162-475c-4439-b7d7-6b9f2acac4e0 to be in PaxExam-d2e56162-475c-4439-b7d7-6b9f2acac4e0,
org.ops4j.pax.exam.extender.service[org.ops4j.pax.exam.raw.extender.intern.Parser] : Registering Service: org.ops4j.pax.exam.ProbeInvoker with Probe-Signature="PaxExam-d2e56162-475c-4439-b7d7-6b9f2acac4e0" and expression="dk.sdu.mmmi.cbse.ApplicationITest;testtt"
org.ops4j.pax.swissbox.tracker[org.ops4j.pax.swissbox.tracker.ServiceLookup] : Use timeout value: 10000
BUNDLES
[org.apache.felix.framework [0], org.ops4j.pax.exam [1], org.ops4j.pax.exam.inject [2], org.ops4j.pax.exam.extender.service [3], org.ops4j.pax.logging.pax-logging-api [4], org.ops4j.base [5], org.ops4j.pax.swissbox.core [6], org.ops4j.pax.swissbox.extender [7], org.ops4j.pax.swissbox.framework [8], org.ops4j.pax.swissbox.lifecycle [9], org.ops4j.pax.swissbox.tracker [10], org.apache.geronimo.specs.geronimo-atinject_1.0_spec [11], dk.sdu.mmmi.build.OSGiLibGDX [12], OSGiCommon [13], PAXEXAM-PROBE-b9150ba5-2d8b-4908-b96c-06908c39c62d [14]]
org.ops4j.pax.logging.pax-logging-api[org.ops4j.pax.swissbox.extender.BundleWatcher] : Releasing bundle [PAXEXAM-PROBE-b9150ba5-2d8b-4908-b96c-06908c39c62d]
org.ops4j.pax.logging.pax-logging-api[org.ops4j.pax.swissbox.extender.BundleWatcher] : Un-registering [ManifestEntry{ key=PaxExam-Executable, value=PaxExam-d2e56162-475c-4439-b7d7-6b9f2acac4e0, }, ManifestEntry{ key=PaxExam-d2e56162-475c-4439-b7d7-6b9f2acac4e0, value=dk.sdu.mmmi.cbse.ApplicationITest;testtt }]
org.ops4j.pax.logging.pax-logging-api[org.ops4j.pax.exam.raw.extender.intern.TestBundleObserver] : Unregistered testcase [org.ops4j.pax.exam.raw.extender.intern.Probe@182f87b6.]
org.ops4j.pax.logging.pax-logging-api[org.ops4j.pax.swissbox.extender.BundleWatcher] : Releasing bundle [org.apache.geronimo.specs.geronimo-atinject_1.0_spec]
org.ops4j.pax.logging.pax-logging-api[org.ops4j.pax.swissbox.extender.BundleWatcher] : Releasing bundle [org.ops4j.pax.swissbox.tracker]
org.ops4j.pax.logging.pax-logging-api[org.ops4j.pax.swissbox.extender.BundleWatcher] : Releasing bundle [org.ops4j.pax.swissbox.lifecycle]
org.ops4j.pax.logging.pax-logging-api[org.ops4j.pax.swissbox.extender.BundleWatcher] : Releasing bundle [org.ops4j.pax.swissbox.framework]
org.ops4j.pax.logging.pax-logging-api[org.ops4j.pax.swissbox.extender.BundleWatcher] : Releasing bundle [org.ops4j.pax.swissbox.extender]
org.ops4j.pax.logging.pax-logging-api[org.ops4j.pax.swissbox.extender.BundleWatcher] : Releasing bundle [org.ops4j.pax.swissbox.core]
org.ops4j.pax.logging.pax-logging-api[org.ops4j.pax.swissbox.extender.BundleWatcher] : Releasing bundle [org.ops4j.base]
org.ops4j.pax.logging.pax-logging-api[org.ops4j.pax.logging.internal.Activator] : Disabling SLF4J API support.
org.ops4j.pax.logging.pax-logging-api[org.ops4j.pax.logging.internal.Activator] : Disabling Jakarta Commons Logging API support.
org.ops4j.pax.logging.pax-logging-api[org.ops4j.pax.logging.internal.Activator] : Disabling Log4J API support.
org.ops4j.pax.logging.pax-logging-api[org.ops4j.pax.logging.internal.Activator] : Disabling Avalon Logger API support.
org.ops4j.pax.logging.pax-logging-api[org.ops4j.pax.logging.internal.Activator] : Disabling JULI Logger API support.
org.ops4j.pax.logging.pax-logging-api[org.ops4j.pax.logging.internal.Activator] : Disabling Log4J v2 API support. Ignored FQCN: org.apache.logging.log4j.spi.AbstractLogger
org.ops4j.pax.logging.pax-logging-api[org.ops4j.pax.swissbox.extender.BundleWatcher] : Releasing bundle [org.ops4j.pax.logging.pax-logging-api]
org.ops4j.pax.logging.pax-logging-api[org.ops4j.pax.swissbox.extender.BundleWatcher] : Releasing bundle [org.ops4j.pax.exam.inject]
org.ops4j.pax.logging.pax-logging-api[org.ops4j.pax.swissbox.extender.BundleWatcher] : Releasing bundle [org.ops4j.pax.exam.extender.service]
org.ops4j.pax.logging.pax-logging-api[org.ops4j.pax.swissbox.extender.BundleWatcher] : Releasing bundle [org.apache.felix.framework]
org.ops4j.pax.logging.pax-logging-api[org.ops4j.pax.swissbox.extender.BundleWatcher] : Releasing bundle [org.ops4j.pax.exam]
]]></system-out>
    <system-err><![CDATA[SLF4J: Failed to load class "org.slf4j.impl.StaticLoggerBinder".
SLF4J: Defaulting to no-operation (NOP) logger implementation
SLF4J: See http://www.slf4j.org/codes.html#StaticLoggerBinder for further details.
org.osgi.framework.BundleException: Unable to resolve dk.sdu.mmmi.build.OSGiLibGDX [12](R 12.0): missing requirement [dk.sdu.mmmi.build.OSGiLibGDX [12](R 12.0)] osgi.wiring.package; (osgi.wiring.package=sun.misc) Unresolved requirements: [[dk.sdu.mmmi.build.OSGiLibGDX [12](R 12.0)] osgi.wiring.package; (osgi.wiring.package=sun.misc)]
	at org.apache.felix.framework.Felix.resolveBundleRevision(Felix.java:4398)
	at org.apache.felix.framework.Felix.startBundle(Felix.java:2308)
	at org.apache.felix.framework.Felix.setActiveStartLevel(Felix.java:1566)
	at org.apache.felix.framework.FrameworkStartLevelImpl.run(FrameworkStartLevelImpl.java:308)
	at java.lang.Thread.run(Thread.java:750)
org.osgi.framework.BundleException: Unable to resolve OSGiCommon [13](R 13.0): missing requirement [OSGiCommon [13](R 13.0)] osgi.wiring.package; (&(osgi.wiring.package=com.badlogic.gdx.graphics.g2d)(version>=1.0.0)(!(version>=2.0.0))) [caused by: Unable to resolve dk.sdu.mmmi.build.OSGiLibGDX [12](R 12.0): missing requirement [dk.sdu.mmmi.build.OSGiLibGDX [12](R 12.0)] osgi.wiring.package; (osgi.wiring.package=sun.misc)] Unresolved requirements: [[OSGiCommon [13](R 13.0)] osgi.wiring.package; (&(osgi.wiring.package=com.badlogic.gdx.graphics.g2d)(version>=1.0.0)(!(version>=2.0.0)))]
	at org.apache.felix.framework.Felix.resolveBundleRevision(Felix.java:4398)
	at org.apache.felix.framework.Felix.startBundle(Felix.java:2308)
	at org.apache.felix.framework.Felix.setActiveStartLevel(Felix.java:1566)
	at org.apache.felix.framework.FrameworkStartLevelImpl.run(FrameworkStartLevelImpl.java:308)
	at java.lang.Thread.run(Thread.java:750)
]]></system-err>
  </testcase>
</testsuite>